Device: cuda
Surface: tiles | epochs=100 lr=0.001 batch=8 seed=42
Latest log:  outputs\tiles_train.log
History log: outputs\training_history\tiles_20260518_000631.log
Dataset sizes -> train: 235  val: 49  test: 52
Train class counts: {'clean': 84, 'smudged': 74, 'cracked': 77}
Class weights:      {'clean': 0.933, 'smudged': 1.059, 'cracked': 1.017}
Input channels: 6
Total trainable parameters: 4,849,155
Epoch 01/100 | Train Loss: 1.1296 | Train Acc:  38.7% | Val Loss: 1.0100 | Val Acc:  51.0% | LR: 0.001000
Epoch 02/100 | Train Loss: 1.0520 | Train Acc:  50.6% | Val Loss: 1.0841 | Val Acc:  69.4% | LR: 0.001000
Epoch 03/100 | Train Loss: 1.0150 | Train Acc:  54.0% | Val Loss: 0.8137 | Val Acc:  65.3% | LR: 0.001000
Epoch 04/100 | Train Loss: 1.0273 | Train Acc:  51.5% | Val Loss: 1.0154 | Val Acc:  63.3% | LR: 0.001000
Epoch 05/100 | Train Loss: 1.0425 | Train Acc:  51.9% | Val Loss: 1.0346 | Val Acc:  63.3% | LR: 0.001000
Epoch 06/100 | Train Loss: 0.9993 | Train Acc:  53.2% | Val Loss: 0.8189 | Val Acc:  63.3% | LR: 0.001000
Epoch 07/100 | Train Loss: 0.9591 | Train Acc:  58.7% | Val Loss: 0.8861 | Val Acc:  65.3% | LR: 0.001000
Epoch 08/100 | Train Loss: 0.9861 | Train Acc:  52.3% | Val Loss: 1.0539 | Val Acc:  46.9% | LR: 0.001000
Epoch 09/100 | Train Loss: 0.9705 | Train Acc:  53.6% | Val Loss: 0.7863 | Val Acc:  67.3% | LR: 0.001000
Epoch 10/100 | Train Loss: 0.9520 | Train Acc:  55.7% | Val Loss: 1.0448 | Val Acc:  51.0% | LR: 0.001000
Epoch 11/100 | Train Loss: 0.9429 | Train Acc:  52.3% | Val Loss: 0.9394 | Val Acc:  61.2% | LR: 0.001000
Epoch 12/100 | Train Loss: 0.9824 | Train Acc:  54.9% | Val Loss: 0.8122 | Val Acc:  69.4% | LR: 0.001000
Epoch 13/100 | Train Loss: 0.8964 | Train Acc:  62.1% | Val Loss: 0.9377 | Val Acc:  57.1% | LR: 0.001000
Epoch 14/100 | Train Loss: 0.9463 | Train Acc:  58.7% | Val Loss: 1.1369 | Val Acc:  38.8% | LR: 0.001000
Epoch 15/100 | Train Loss: 0.9558 | Train Acc:  59.1% | Val Loss: 0.9379 | Val Acc:  61.2% | LR: 0.001000
Epoch 16/100 | Train Loss: 0.8855 | Train Acc:  59.1% | Val Loss: 0.7050 | Val Acc:  73.5% | LR: 0.001000
Epoch 17/100 | Train Loss: 0.9031 | Train Acc:  57.9% | Val Loss: 0.8287 | Val Acc:  63.3% | LR: 0.001000
Epoch 18/100 | Train Loss: 0.8740 | Train Acc:  62.1% | Val Loss: 0.7602 | Val Acc:  67.3% | LR: 0.001000
Epoch 19/100 | Train Loss: 0.8567 | Train Acc:  60.4% | Val Loss: 0.8357 | Val Acc:  63.3% | LR: 0.001000
Epoch 20/100 | Train Loss: 0.8708 | Train Acc:  61.7% | Val Loss: 0.8509 | Val Acc:  77.6% | LR: 0.001000
Epoch 21/100 | Train Loss: 0.9018 | Train Acc:  58.3% | Val Loss: 0.7591 | Val Acc:  67.3% | LR: 0.001000
Epoch 22/100 | Train Loss: 0.8168 | Train Acc:  60.4% | Val Loss: 0.6347 | Val Acc:  71.4% | LR: 0.001000
Epoch 23/100 | Train Loss: 0.8618 | Train Acc:  58.3% | Val Loss: 0.5713 | Val Acc:  73.5% | LR: 0.001000
Epoch 24/100 | Train Loss: 0.8973 | Train Acc:  60.4% | Val Loss: 0.6564 | Val Acc:  71.4% | LR: 0.001000
Epoch 25/100 | Train Loss: 0.8903 | Train Acc:  55.7% | Val Loss: 0.6607 | Val Acc:  71.4% | LR: 0.001000
Epoch 26/100 | Train Loss: 0.8640 | Train Acc:  62.6% | Val Loss: 0.6248 | Val Acc:  69.4% | LR: 0.001000
Epoch 27/100 | Train Loss: 0.8566 | Train Acc:  64.3% | Val Loss: 0.6072 | Val Acc:  75.5% | LR: 0.001000
Epoch 28/100 | Train Loss: 0.8743 | Train Acc:  59.6% | Val Loss: 0.7433 | Val Acc:  71.4% | LR: 0.001000
Epoch 29/100 | Train Loss: 0.8407 | Train Acc:  60.4% | Val Loss: 0.6955 | Val Acc:  75.5% | LR: 0.001000
Epoch 30/100 | Train Loss: 0.7619 | Train Acc:  62.6% | Val Loss: 0.6320 | Val Acc:  71.4% | LR: 0.001000
Epoch 31/100 | Train Loss: 0.8973 | Train Acc:  58.3% | Val Loss: 0.7296 | Val Acc:  67.3% | LR: 0.000500
Epoch 32/100 | Train Loss: 0.8212 | Train Acc:  65.1% | Val Loss: 0.6103 | Val Acc:  77.6% | LR: 0.000500
Epoch 33/100 | Train Loss: 0.8015 | Train Acc:  63.8% | Val Loss: 0.6043 | Val Acc:  79.6% | LR: 0.000500
Epoch 34/100 | Train Loss: 0.8006 | Train Acc:  64.3% | Val Loss: 0.5957 | Val Acc:  77.6% | LR: 0.000500
Epoch 35/100 | Train Loss: 0.8027 | Train Acc:  58.3% | Val Loss: 0.6292 | Val Acc:  79.6% | LR: 0.000500
Epoch 36/100 | Train Loss: 0.8100 | Train Acc:  63.8% | Val Loss: 0.6300 | Val Acc:  81.6% | LR: 0.000500
Epoch 37/100 | Train Loss: 0.8440 | Train Acc:  60.9% | Val Loss: 0.6557 | Val Acc:  83.7% | LR: 0.000500
Epoch 38/100 | Train Loss: 0.7980 | Train Acc:  61.3% | Val Loss: 0.6209 | Val Acc:  79.6% | LR: 0.000500
Early stopping at epoch 38 (no val_loss improvement for 15 epochs).

Loading best checkpoint: outputs\tiles_best.pth

=== TEST RESULTS: tiles ===
Test Accuracy: 61.5%
Per-class accuracy:
  clean   :  72.2%
  smudged :  70.6%
  cracked :  41.2%
