Device: cuda
Surface: tiles | epochs=100 lr=0.001 batch=8 seed=42
Latest log:  outputs\tiles_train.log
History log: outputs\training_history\tiles_20260518_002153.log
Dataset sizes -> train: 235  val: 49  test: 52
Train class counts: {'clean': 84, 'smudged': 74, 'cracked': 77}
Class weights:      {'clean': 0.933, 'smudged': 1.27, 'cracked': 1.526}
Input channels: 6
Total trainable parameters: 1,208,323
Epoch 01/100 | Train Loss: 1.0141 | Train Acc:  46.0% | Val Loss: 0.7630 | Val Acc:  67.3% | LR: 0.001000
Epoch 02/100 | Train Loss: 1.0563 | Train Acc:  43.0% | Val Loss: 0.8377 | Val Acc:  69.4% | LR: 0.001000
Epoch 03/100 | Train Loss: 1.0322 | Train Acc:  48.5% | Val Loss: 0.8228 | Val Acc:  67.3% | LR: 0.001000
Epoch 04/100 | Train Loss: 0.9851 | Train Acc:  52.3% | Val Loss: 1.0376 | Val Acc:  67.3% | LR: 0.001000
Epoch 05/100 | Train Loss: 0.9709 | Train Acc:  51.1% | Val Loss: 0.9734 | Val Acc:  53.1% | LR: 0.001000
Epoch 06/100 | Train Loss: 0.9830 | Train Acc:  53.6% | Val Loss: 0.8434 | Val Acc:  61.2% | LR: 0.001000
Epoch 07/100 | Train Loss: 0.9640 | Train Acc:  56.2% | Val Loss: 0.7973 | Val Acc:  67.3% | LR: 0.001000
Epoch 08/100 | Train Loss: 1.0125 | Train Acc:  54.0% | Val Loss: 0.8710 | Val Acc:  57.1% | LR: 0.001000
Epoch 09/100 | Train Loss: 0.9872 | Train Acc:  56.2% | Val Loss: 0.8865 | Val Acc:  65.3% | LR: 0.000500
Epoch 10/100 | Train Loss: 0.9640 | Train Acc:  55.3% | Val Loss: 0.8771 | Val Acc:  67.3% | LR: 0.000500
Epoch 11/100 | Train Loss: 0.9083 | Train Acc:  58.3% | Val Loss: 0.7832 | Val Acc:  67.3% | LR: 0.000500
Epoch 12/100 | Train Loss: 0.9706 | Train Acc:  58.7% | Val Loss: 0.8146 | Val Acc:  69.4% | LR: 0.000500
Epoch 13/100 | Train Loss: 0.9387 | Train Acc:  56.2% | Val Loss: 0.7812 | Val Acc:  67.3% | LR: 0.000500
Epoch 14/100 | Train Loss: 0.9552 | Train Acc:  54.9% | Val Loss: 0.7893 | Val Acc:  65.3% | LR: 0.000500
Epoch 15/100 | Train Loss: 0.9194 | Train Acc:  57.4% | Val Loss: 0.7765 | Val Acc:  65.3% | LR: 0.000500
Epoch 16/100 | Train Loss: 0.8953 | Train Acc:  63.0% | Val Loss: 0.6513 | Val Acc:  71.4% | LR: 0.000500
Epoch 17/100 | Train Loss: 0.8911 | Train Acc:  59.6% | Val Loss: 0.8331 | Val Acc:  65.3% | LR: 0.000500
Epoch 18/100 | Train Loss: 0.9363 | Train Acc:  59.6% | Val Loss: 0.7139 | Val Acc:  73.5% | LR: 0.000500
Epoch 19/100 | Train Loss: 0.9193 | Train Acc:  57.0% | Val Loss: 0.7880 | Val Acc:  67.3% | LR: 0.000500
Epoch 20/100 | Train Loss: 0.9244 | Train Acc:  55.7% | Val Loss: 0.7504 | Val Acc:  67.3% | LR: 0.000500
Epoch 21/100 | Train Loss: 0.8661 | Train Acc:  63.4% | Val Loss: 0.7323 | Val Acc:  69.4% | LR: 0.000500
Epoch 22/100 | Train Loss: 0.8618 | Train Acc:  63.8% | Val Loss: 0.6749 | Val Acc:  69.4% | LR: 0.000500
Epoch 23/100 | Train Loss: 0.8561 | Train Acc:  65.5% | Val Loss: 0.7305 | Val Acc:  71.4% | LR: 0.000500
Epoch 24/100 | Train Loss: 0.8538 | Train Acc:  62.1% | Val Loss: 0.7309 | Val Acc:  65.3% | LR: 0.000250
Epoch 25/100 | Train Loss: 0.8402 | Train Acc:  61.3% | Val Loss: 0.7184 | Val Acc:  69.4% | LR: 0.000250
Epoch 26/100 | Train Loss: 0.8402 | Train Acc:  66.8% | Val Loss: 0.7146 | Val Acc:  71.4% | LR: 0.000250
Epoch 27/100 | Train Loss: 0.9011 | Train Acc:  62.6% | Val Loss: 0.6991 | Val Acc:  71.4% | LR: 0.000250
Epoch 28/100 | Train Loss: 0.8497 | Train Acc:  62.6% | Val Loss: 0.6578 | Val Acc:  67.3% | LR: 0.000250
Epoch 29/100 | Train Loss: 0.8693 | Train Acc:  60.9% | Val Loss: 0.6471 | Val Acc:  73.5% | LR: 0.000250
Epoch 30/100 | Train Loss: 0.8181 | Train Acc:  62.6% | Val Loss: 0.6214 | Val Acc:  77.6% | LR: 0.000250
Epoch 31/100 | Train Loss: 0.8010 | Train Acc:  66.4% | Val Loss: 0.6834 | Val Acc:  71.4% | LR: 0.000250
Epoch 32/100 | Train Loss: 0.7741 | Train Acc:  68.1% | Val Loss: 0.6283 | Val Acc:  69.4% | LR: 0.000250
Epoch 33/100 | Train Loss: 0.8631 | Train Acc:  61.3% | Val Loss: 0.6796 | Val Acc:  69.4% | LR: 0.000250
Epoch 34/100 | Train Loss: 0.8424 | Train Acc:  63.4% | Val Loss: 0.6525 | Val Acc:  71.4% | LR: 0.000250
Epoch 35/100 | Train Loss: 0.8728 | Train Acc:  63.0% | Val Loss: 0.6514 | Val Acc:  73.5% | LR: 0.000250
Epoch 36/100 | Train Loss: 0.8233 | Train Acc:  61.7% | Val Loss: 0.6184 | Val Acc:  73.5% | LR: 0.000250
Epoch 37/100 | Train Loss: 0.8327 | Train Acc:  62.1% | Val Loss: 0.6260 | Val Acc:  73.5% | LR: 0.000250
Epoch 38/100 | Train Loss: 0.8259 | Train Acc:  68.1% | Val Loss: 0.7043 | Val Acc:  67.3% | LR: 0.000250
Epoch 39/100 | Train Loss: 0.7876 | Train Acc:  64.7% | Val Loss: 0.6562 | Val Acc:  69.4% | LR: 0.000250
Epoch 40/100 | Train Loss: 0.8234 | Train Acc:  65.5% | Val Loss: 0.6134 | Val Acc:  75.5% | LR: 0.000250
Epoch 41/100 | Train Loss: 0.8002 | Train Acc:  60.4% | Val Loss: 0.6428 | Val Acc:  71.4% | LR: 0.000250
Epoch 42/100 | Train Loss: 0.8261 | Train Acc:  66.8% | Val Loss: 0.6665 | Val Acc:  69.4% | LR: 0.000250
Epoch 43/100 | Train Loss: 0.7517 | Train Acc:  71.1% | Val Loss: 0.6058 | Val Acc:  77.6% | LR: 0.000250
Epoch 44/100 | Train Loss: 0.8511 | Train Acc:  58.3% | Val Loss: 0.7855 | Val Acc:  63.3% | LR: 0.000250
Epoch 45/100 | Train Loss: 0.8435 | Train Acc:  62.1% | Val Loss: 0.6983 | Val Acc:  69.4% | LR: 0.000250
Epoch 46/100 | Train Loss: 0.7779 | Train Acc:  64.7% | Val Loss: 0.6600 | Val Acc:  71.4% | LR: 0.000250
Epoch 47/100 | Train Loss: 0.8157 | Train Acc:  67.7% | Val Loss: 0.6463 | Val Acc:  67.3% | LR: 0.000250
Epoch 48/100 | Train Loss: 0.7998 | Train Acc:  67.7% | Val Loss: 0.6340 | Val Acc:  69.4% | LR: 0.000250
Epoch 49/100 | Train Loss: 0.7869 | Train Acc:  68.1% | Val Loss: 0.5864 | Val Acc:  71.4% | LR: 0.000250
Epoch 50/100 | Train Loss: 0.9059 | Train Acc:  65.5% | Val Loss: 0.6783 | Val Acc:  67.3% | LR: 0.000250
Epoch 51/100 | Train Loss: 0.8111 | Train Acc:  63.4% | Val Loss: 0.6695 | Val Acc:  67.3% | LR: 0.000250
Epoch 52/100 | Train Loss: 0.7983 | Train Acc:  66.8% | Val Loss: 0.5709 | Val Acc:  75.5% | LR: 0.000250
Epoch 53/100 | Train Loss: 0.7276 | Train Acc:  67.7% | Val Loss: 0.5882 | Val Acc:  73.5% | LR: 0.000250
Epoch 54/100 | Train Loss: 0.7905 | Train Acc:  62.1% | Val Loss: 0.5603 | Val Acc:  73.5% | LR: 0.000250
Epoch 55/100 | Train Loss: 0.7512 | Train Acc:  68.1% | Val Loss: 0.5461 | Val Acc:  75.5% | LR: 0.000250
Epoch 56/100 | Train Loss: 0.7076 | Train Acc:  70.6% | Val Loss: 0.6091 | Val Acc:  69.4% | LR: 0.000250
Epoch 57/100 | Train Loss: 0.8067 | Train Acc:  62.6% | Val Loss: 0.6132 | Val Acc:  67.3% | LR: 0.000250
Epoch 58/100 | Train Loss: 0.7364 | Train Acc:  71.1% | Val Loss: 0.5426 | Val Acc:  79.6% | LR: 0.000250
Epoch 59/100 | Train Loss: 0.7954 | Train Acc:  63.4% | Val Loss: 0.5812 | Val Acc:  67.3% | LR: 0.000250
Epoch 60/100 | Train Loss: 0.7131 | Train Acc:  70.2% | Val Loss: 0.5979 | Val Acc:  69.4% | LR: 0.000250
Epoch 61/100 | Train Loss: 0.7663 | Train Acc:  68.5% | Val Loss: 0.5913 | Val Acc:  71.4% | LR: 0.000250
Epoch 62/100 | Train Loss: 0.7373 | Train Acc:  68.9% | Val Loss: 0.5413 | Val Acc:  75.5% | LR: 0.000250
Epoch 63/100 | Train Loss: 0.6905 | Train Acc:  72.8% | Val Loss: 0.5174 | Val Acc:  79.6% | LR: 0.000250
Epoch 64/100 | Train Loss: 0.7150 | Train Acc:  67.2% | Val Loss: 0.5473 | Val Acc:  73.5% | LR: 0.000250
Epoch 65/100 | Train Loss: 0.7447 | Train Acc:  71.5% | Val Loss: 0.5453 | Val Acc:  79.6% | LR: 0.000250
Epoch 66/100 | Train Loss: 0.8013 | Train Acc:  66.4% | Val Loss: 0.5798 | Val Acc:  75.5% | LR: 0.000250
Epoch 67/100 | Train Loss: 0.7449 | Train Acc:  68.1% | Val Loss: 0.5767 | Val Acc:  75.5% | LR: 0.000250
Epoch 68/100 | Train Loss: 0.7731 | Train Acc:  68.1% | Val Loss: 0.6046 | Val Acc:  73.5% | LR: 0.000250
Epoch 69/100 | Train Loss: 0.7120 | Train Acc:  69.4% | Val Loss: 0.6073 | Val Acc:  73.5% | LR: 0.000250
Epoch 70/100 | Train Loss: 0.7296 | Train Acc:  67.2% | Val Loss: 0.5740 | Val Acc:  75.5% | LR: 0.000250
Epoch 71/100 | Train Loss: 0.7249 | Train Acc:  66.4% | Val Loss: 0.5969 | Val Acc:  71.4% | LR: 0.000125
Epoch 72/100 | Train Loss: 0.7566 | Train Acc:  68.9% | Val Loss: 0.5694 | Val Acc:  77.6% | LR: 0.000125
Epoch 73/100 | Train Loss: 0.6746 | Train Acc:  77.4% | Val Loss: 0.5711 | Val Acc:  71.4% | LR: 0.000125
Epoch 74/100 | Train Loss: 0.7490 | Train Acc:  69.4% | Val Loss: 0.5590 | Val Acc:  75.5% | LR: 0.000125
Epoch 75/100 | Train Loss: 0.6781 | Train Acc:  73.6% | Val Loss: 0.5772 | Val Acc:  71.4% | LR: 0.000125
Epoch 76/100 | Train Loss: 0.7281 | Train Acc:  68.9% | Val Loss: 0.6255 | Val Acc:  75.5% | LR: 0.000125
Epoch 77/100 | Train Loss: 0.7029 | Train Acc:  70.2% | Val Loss: 0.5550 | Val Acc:  77.6% | LR: 0.000125
Epoch 78/100 | Train Loss: 0.7079 | Train Acc:  68.9% | Val Loss: 0.5565 | Val Acc:  79.6% | LR: 0.000125
Early stopping at epoch 78 (no val_loss improvement for 15 epochs).

Loading best checkpoint: outputs\tiles_best.pth

=== TEST RESULTS: tiles ===
Test Accuracy: 76.9%
Per-class accuracy:
  clean   :  77.8%
  smudged :  76.5%
  cracked :  76.5%
