Device: cuda
Surface: walls | epochs=60 lr=0.001 batch=8 seed=123
Latest log:  outputs\walls_seed123_train.log
History log: outputs\training_history\walls_seed123_20260517_040050.log
Dataset sizes -> train: 255  val: 53  test: 57
Train class counts: {'clean': 90, 'smudged': 79, 'cracked': 86}
Class weights:      {'clean': 0.944, 'smudged': 1.076, 'cracked': 0.988}
Input channels: 6
Total trainable parameters: 1,208,323
Epoch 01/60 | Train Loss: 1.0880 | Train Acc:  42.7% | Val Loss: 1.1606 | Val Acc:  43.4% | LR: 0.001000
Epoch 02/60 | Train Loss: 1.0526 | Train Acc:  50.2% | Val Loss: 0.9552 | Val Acc:  56.6% | LR: 0.001000
Epoch 03/60 | Train Loss: 0.9819 | Train Acc:  49.4% | Val Loss: 0.8248 | Val Acc:  62.3% | LR: 0.001000
Epoch 04/60 | Train Loss: 0.9992 | Train Acc:  56.1% | Val Loss: 0.8458 | Val Acc:  66.0% | LR: 0.001000
Epoch 05/60 | Train Loss: 0.8887 | Train Acc:  62.4% | Val Loss: 0.8061 | Val Acc:  67.9% | LR: 0.001000
Epoch 06/60 | Train Loss: 0.8947 | Train Acc:  54.9% | Val Loss: 0.8275 | Val Acc:  64.2% | LR: 0.001000
Epoch 07/60 | Train Loss: 0.8948 | Train Acc:  59.2% | Val Loss: 0.7376 | Val Acc:  73.6% | LR: 0.001000
Epoch 08/60 | Train Loss: 0.8456 | Train Acc:  60.4% | Val Loss: 0.8126 | Val Acc:  66.0% | LR: 0.001000
Epoch 09/60 | Train Loss: 0.8918 | Train Acc:  57.6% | Val Loss: 0.7349 | Val Acc:  64.2% | LR: 0.001000
Epoch 10/60 | Train Loss: 0.8377 | Train Acc:  63.1% | Val Loss: 0.7367 | Val Acc:  67.9% | LR: 0.001000
Epoch 11/60 | Train Loss: 0.8363 | Train Acc:  61.6% | Val Loss: 0.9243 | Val Acc:  62.3% | LR: 0.001000
Epoch 12/60 | Train Loss: 0.8713 | Train Acc:  62.4% | Val Loss: 0.6954 | Val Acc:  69.8% | LR: 0.001000
Epoch 13/60 | Train Loss: 0.7896 | Train Acc:  62.4% | Val Loss: 0.7428 | Val Acc:  66.0% | LR: 0.001000
Epoch 14/60 | Train Loss: 0.8523 | Train Acc:  62.7% | Val Loss: 0.6648 | Val Acc:  69.8% | LR: 0.001000
Epoch 15/60 | Train Loss: 0.8303 | Train Acc:  62.4% | Val Loss: 0.7576 | Val Acc:  64.2% | LR: 0.001000
Epoch 16/60 | Train Loss: 0.8461 | Train Acc:  63.1% | Val Loss: 0.8294 | Val Acc:  66.0% | LR: 0.001000
Epoch 17/60 | Train Loss: 0.7878 | Train Acc:  60.0% | Val Loss: 0.6796 | Val Acc:  71.7% | LR: 0.001000
Epoch 18/60 | Train Loss: 0.7565 | Train Acc:  65.5% | Val Loss: 0.6886 | Val Acc:  67.9% | LR: 0.001000
Epoch 19/60 | Train Loss: 0.7980 | Train Acc:  62.7% | Val Loss: 0.6139 | Val Acc:  75.5% | LR: 0.001000
Epoch 20/60 | Train Loss: 0.7438 | Train Acc:  63.9% | Val Loss: 0.6850 | Val Acc:  69.8% | LR: 0.001000
Epoch 21/60 | Train Loss: 0.7091 | Train Acc:  67.8% | Val Loss: 0.6890 | Val Acc:  69.8% | LR: 0.001000
Epoch 22/60 | Train Loss: 0.8024 | Train Acc:  62.0% | Val Loss: 0.6869 | Val Acc:  69.8% | LR: 0.001000
Epoch 23/60 | Train Loss: 0.7632 | Train Acc:  61.6% | Val Loss: 0.6411 | Val Acc:  69.8% | LR: 0.001000
Epoch 24/60 | Train Loss: 0.7966 | Train Acc:  64.7% | Val Loss: 0.7082 | Val Acc:  66.0% | LR: 0.001000
Epoch 25/60 | Train Loss: 0.7221 | Train Acc:  68.6% | Val Loss: 0.5911 | Val Acc:  71.7% | LR: 0.001000
Epoch 26/60 | Train Loss: 0.6868 | Train Acc:  71.4% | Val Loss: 0.6648 | Val Acc:  67.9% | LR: 0.001000
Epoch 27/60 | Train Loss: 0.7061 | Train Acc:  69.0% | Val Loss: 0.6832 | Val Acc:  64.2% | LR: 0.001000
Epoch 28/60 | Train Loss: 0.7044 | Train Acc:  66.3% | Val Loss: 0.5311 | Val Acc:  75.5% | LR: 0.001000
Epoch 29/60 | Train Loss: 0.7235 | Train Acc:  69.0% | Val Loss: 0.5872 | Val Acc:  71.7% | LR: 0.001000
Epoch 30/60 | Train Loss: 0.7642 | Train Acc:  69.8% | Val Loss: 0.5888 | Val Acc:  75.5% | LR: 0.001000
Epoch 31/60 | Train Loss: 0.6740 | Train Acc:  72.5% | Val Loss: 0.5340 | Val Acc:  75.5% | LR: 0.001000
Epoch 32/60 | Train Loss: 0.6994 | Train Acc:  69.0% | Val Loss: 0.4863 | Val Acc:  83.0% | LR: 0.001000
Epoch 33/60 | Train Loss: 0.6255 | Train Acc:  71.0% | Val Loss: 0.4871 | Val Acc:  75.5% | LR: 0.001000
Epoch 34/60 | Train Loss: 0.6586 | Train Acc:  70.6% | Val Loss: 0.4705 | Val Acc:  79.2% | LR: 0.001000
Epoch 35/60 | Train Loss: 0.6323 | Train Acc:  74.5% | Val Loss: 0.4918 | Val Acc:  77.4% | LR: 0.001000
Epoch 36/60 | Train Loss: 0.5548 | Train Acc:  76.1% | Val Loss: 0.4604 | Val Acc:  84.9% | LR: 0.001000
Epoch 37/60 | Train Loss: 0.6868 | Train Acc:  68.6% | Val Loss: 0.5025 | Val Acc:  81.1% | LR: 0.001000
Epoch 38/60 | Train Loss: 0.6691 | Train Acc:  72.5% | Val Loss: 0.4521 | Val Acc:  81.1% | LR: 0.001000
Epoch 39/60 | Train Loss: 0.6393 | Train Acc:  72.5% | Val Loss: 0.5313 | Val Acc:  75.5% | LR: 0.001000
Epoch 40/60 | Train Loss: 0.5918 | Train Acc:  73.7% | Val Loss: 0.4191 | Val Acc:  88.7% | LR: 0.001000
Epoch 41/60 | Train Loss: 0.6721 | Train Acc:  73.7% | Val Loss: 0.5362 | Val Acc:  73.6% | LR: 0.001000
Epoch 42/60 | Train Loss: 0.6301 | Train Acc:  72.5% | Val Loss: 0.5821 | Val Acc:  77.4% | LR: 0.001000
Epoch 43/60 | Train Loss: 0.6493 | Train Acc:  74.9% | Val Loss: 0.5696 | Val Acc:  69.8% | LR: 0.001000
Epoch 44/60 | Train Loss: 0.5614 | Train Acc:  76.5% | Val Loss: 0.4623 | Val Acc:  84.9% | LR: 0.001000
Epoch 45/60 | Train Loss: 0.5699 | Train Acc:  78.4% | Val Loss: 0.3720 | Val Acc:  88.7% | LR: 0.001000
Epoch 46/60 | Train Loss: 0.5456 | Train Acc:  77.6% | Val Loss: 0.5475 | Val Acc:  81.1% | LR: 0.001000
Epoch 47/60 | Train Loss: 0.6345 | Train Acc:  72.2% | Val Loss: 0.4690 | Val Acc:  81.1% | LR: 0.001000
Epoch 48/60 | Train Loss: 0.5530 | Train Acc:  76.5% | Val Loss: 0.3302 | Val Acc:  94.3% | LR: 0.001000
Epoch 49/60 | Train Loss: 0.5632 | Train Acc:  78.0% | Val Loss: 0.3866 | Val Acc:  86.8% | LR: 0.001000
Epoch 50/60 | Train Loss: 0.5920 | Train Acc:  76.1% | Val Loss: 0.4550 | Val Acc:  81.1% | LR: 0.001000
Epoch 51/60 | Train Loss: 0.5194 | Train Acc:  79.2% | Val Loss: 0.4434 | Val Acc:  75.5% | LR: 0.001000
Epoch 52/60 | Train Loss: 0.6012 | Train Acc:  76.9% | Val Loss: 0.3158 | Val Acc:  90.6% | LR: 0.001000
Epoch 53/60 | Train Loss: 0.5008 | Train Acc:  80.4% | Val Loss: 0.2973 | Val Acc:  90.6% | LR: 0.001000
Epoch 54/60 | Train Loss: 0.4818 | Train Acc:  81.2% | Val Loss: 0.3378 | Val Acc:  86.8% | LR: 0.001000
Epoch 55/60 | Train Loss: 0.4675 | Train Acc:  82.0% | Val Loss: 0.3196 | Val Acc:  92.5% | LR: 0.001000
Epoch 56/60 | Train Loss: 0.4216 | Train Acc:  83.5% | Val Loss: 0.3179 | Val Acc:  88.7% | LR: 0.001000
Epoch 57/60 | Train Loss: 0.4111 | Train Acc:  83.9% | Val Loss: 0.2574 | Val Acc:  92.5% | LR: 0.001000
Epoch 58/60 | Train Loss: 0.5258 | Train Acc:  77.6% | Val Loss: 0.3130 | Val Acc:  84.9% | LR: 0.001000
Epoch 59/60 | Train Loss: 0.4551 | Train Acc:  81.2% | Val Loss: 0.2586 | Val Acc:  92.5% | LR: 0.001000
Epoch 60/60 | Train Loss: 0.4214 | Train Acc:  85.1% | Val Loss: 0.2975 | Val Acc:  86.8% | LR: 0.001000

Loading best checkpoint: outputs\walls_seed123_best.pth

=== TEST RESULTS: walls ===
Test Accuracy: 89.5%
Per-class accuracy:
  clean   :  90.0%
  smudged :  77.8%
  cracked : 100.0%
