Device: cuda
Surface: walls | epochs=60 lr=0.001 batch=8 seed=42
Logging to: outputs\walls_train.log
Dataset sizes -> train: 255  val: 53  test: 57
Train class counts: {'clean': 90, 'smudged': 79, 'cracked': 86}
Class weights:      {'clean': 0.944, 'smudged': 1.614, 'cracked': 0.988}
Input channels: 6
Total trainable parameters: 1,208,323
Epoch 01/60 | Train Loss: 1.0825 | Train Acc:  38.8% | Val Loss: 1.0088 | Val Acc:  35.8% | LR: 0.001000
Epoch 02/60 | Train Loss: 1.0337 | Train Acc:  44.7% | Val Loss: 0.9222 | Val Acc:  50.9% | LR: 0.001000
Epoch 03/60 | Train Loss: 0.9884 | Train Acc:  43.9% | Val Loss: 0.9380 | Val Acc:  52.8% | LR: 0.001000
Epoch 04/60 | Train Loss: 1.0131 | Train Acc:  43.9% | Val Loss: 0.9316 | Val Acc:  58.5% | LR: 0.001000
Epoch 05/60 | Train Loss: 0.9069 | Train Acc:  52.5% | Val Loss: 0.9496 | Val Acc:  67.9% | LR: 0.001000
Epoch 06/60 | Train Loss: 0.9281 | Train Acc:  52.2% | Val Loss: 0.9740 | Val Acc:  49.1% | LR: 0.001000
Epoch 07/60 | Train Loss: 0.8817 | Train Acc:  53.7% | Val Loss: 0.7828 | Val Acc:  62.3% | LR: 0.001000
Epoch 08/60 | Train Loss: 0.8429 | Train Acc:  54.1% | Val Loss: 0.7995 | Val Acc:  66.0% | LR: 0.001000
Epoch 09/60 | Train Loss: 0.8825 | Train Acc:  61.2% | Val Loss: 0.8337 | Val Acc:  60.4% | LR: 0.001000
Epoch 10/60 | Train Loss: 0.9086 | Train Acc:  51.0% | Val Loss: 0.6926 | Val Acc:  69.8% | LR: 0.001000
Epoch 11/60 | Train Loss: 0.8469 | Train Acc:  60.0% | Val Loss: 0.8019 | Val Acc:  71.7% | LR: 0.001000
Epoch 12/60 | Train Loss: 0.9065 | Train Acc:  54.9% | Val Loss: 0.8147 | Val Acc:  66.0% | LR: 0.001000
Epoch 13/60 | Train Loss: 0.8189 | Train Acc:  61.2% | Val Loss: 0.7975 | Val Acc:  66.0% | LR: 0.001000
Epoch 14/60 | Train Loss: 0.8518 | Train Acc:  57.6% | Val Loss: 0.7910 | Val Acc:  67.9% | LR: 0.001000
Epoch 15/60 | Train Loss: 0.8468 | Train Acc:  60.4% | Val Loss: 0.8344 | Val Acc:  64.2% | LR: 0.001000
Epoch 16/60 | Train Loss: 0.8146 | Train Acc:  60.4% | Val Loss: 0.6551 | Val Acc:  71.7% | LR: 0.001000
Epoch 17/60 | Train Loss: 0.7909 | Train Acc:  63.9% | Val Loss: 0.8532 | Val Acc:  67.9% | LR: 0.001000
Epoch 18/60 | Train Loss: 0.8115 | Train Acc:  63.5% | Val Loss: 0.8148 | Val Acc:  54.7% | LR: 0.001000
Epoch 19/60 | Train Loss: 0.7246 | Train Acc:  70.2% | Val Loss: 0.6908 | Val Acc:  71.7% | LR: 0.001000
Epoch 20/60 | Train Loss: 0.8259 | Train Acc:  64.7% | Val Loss: 0.7088 | Val Acc:  62.3% | LR: 0.001000
Epoch 21/60 | Train Loss: 0.8202 | Train Acc:  63.1% | Val Loss: 0.8303 | Val Acc:  54.7% | LR: 0.001000
Epoch 22/60 | Train Loss: 0.8312 | Train Acc:  62.7% | Val Loss: 0.7348 | Val Acc:  73.6% | LR: 0.001000
Epoch 23/60 | Train Loss: 0.7702 | Train Acc:  67.8% | Val Loss: 0.9097 | Val Acc:  62.3% | LR: 0.001000
Epoch 24/60 | Train Loss: 0.7775 | Train Acc:  67.1% | Val Loss: 0.7340 | Val Acc:  73.6% | LR: 0.000500
Epoch 25/60 | Train Loss: 0.7693 | Train Acc:  67.8% | Val Loss: 0.7449 | Val Acc:  75.5% | LR: 0.000500
Epoch 26/60 | Train Loss: 0.6693 | Train Acc:  74.5% | Val Loss: 0.6837 | Val Acc:  75.5% | LR: 0.000500
Epoch 27/60 | Train Loss: 0.7075 | Train Acc:  68.6% | Val Loss: 0.6445 | Val Acc:  77.4% | LR: 0.000500
Epoch 28/60 | Train Loss: 0.6676 | Train Acc:  71.0% | Val Loss: 0.6270 | Val Acc:  77.4% | LR: 0.000500
Epoch 29/60 | Train Loss: 0.6956 | Train Acc:  73.7% | Val Loss: 0.5907 | Val Acc:  75.5% | LR: 0.000500
Epoch 30/60 | Train Loss: 0.7022 | Train Acc:  72.5% | Val Loss: 0.5976 | Val Acc:  73.6% | LR: 0.000500
Epoch 31/60 | Train Loss: 0.5852 | Train Acc:  75.7% | Val Loss: 0.5193 | Val Acc:  83.0% | LR: 0.000500
Epoch 32/60 | Train Loss: 0.5552 | Train Acc:  76.9% | Val Loss: 0.5823 | Val Acc:  71.7% | LR: 0.000500
Epoch 33/60 | Train Loss: 0.5446 | Train Acc:  79.2% | Val Loss: 0.5277 | Val Acc:  79.2% | LR: 0.000500
Epoch 34/60 | Train Loss: 0.6193 | Train Acc:  77.3% | Val Loss: 0.5141 | Val Acc:  81.1% | LR: 0.000500
Epoch 35/60 | Train Loss: 0.6668 | Train Acc:  74.9% | Val Loss: 0.4352 | Val Acc:  84.9% | LR: 0.000500
Epoch 36/60 | Train Loss: 0.6542 | Train Acc:  73.7% | Val Loss: 0.4478 | Val Acc:  86.8% | LR: 0.000500
Epoch 37/60 | Train Loss: 0.5188 | Train Acc:  78.0% | Val Loss: 0.5076 | Val Acc:  77.4% | LR: 0.000500
Epoch 38/60 | Train Loss: 0.6175 | Train Acc:  73.7% | Val Loss: 0.4981 | Val Acc:  75.5% | LR: 0.000500
Epoch 39/60 | Train Loss: 0.5864 | Train Acc:  77.6% | Val Loss: 0.4649 | Val Acc:  83.0% | LR: 0.000500
Epoch 40/60 | Train Loss: 0.5816 | Train Acc:  78.4% | Val Loss: 0.6198 | Val Acc:  71.7% | LR: 0.000500
Epoch 41/60 | Train Loss: 0.5386 | Train Acc:  80.8% | Val Loss: 0.5156 | Val Acc:  79.2% | LR: 0.000500
Epoch 42/60 | Train Loss: 0.5646 | Train Acc:  78.0% | Val Loss: 0.3563 | Val Acc:  88.7% | LR: 0.000500
Epoch 43/60 | Train Loss: 0.5507 | Train Acc:  77.6% | Val Loss: 0.4194 | Val Acc:  81.1% | LR: 0.000500
Epoch 44/60 | Train Loss: 0.5380 | Train Acc:  79.2% | Val Loss: 0.4116 | Val Acc:  83.0% | LR: 0.000500
Epoch 45/60 | Train Loss: 0.6236 | Train Acc:  79.2% | Val Loss: 0.4561 | Val Acc:  81.1% | LR: 0.000500
Epoch 46/60 | Train Loss: 0.5151 | Train Acc:  82.7% | Val Loss: 0.4548 | Val Acc:  88.7% | LR: 0.000500
Epoch 47/60 | Train Loss: 0.4206 | Train Acc:  82.7% | Val Loss: 0.4498 | Val Acc:  86.8% | LR: 0.000500
Epoch 48/60 | Train Loss: 0.5606 | Train Acc:  79.2% | Val Loss: 0.3727 | Val Acc:  83.0% | LR: 0.000500
Epoch 49/60 | Train Loss: 0.5513 | Train Acc:  80.8% | Val Loss: 0.5165 | Val Acc:  79.2% | LR: 0.000500
Epoch 50/60 | Train Loss: 0.5544 | Train Acc:  74.1% | Val Loss: 0.4792 | Val Acc:  83.0% | LR: 0.000250
Epoch 51/60 | Train Loss: 0.4936 | Train Acc:  81.6% | Val Loss: 0.4148 | Val Acc:  84.9% | LR: 0.000250
Epoch 52/60 | Train Loss: 0.4913 | Train Acc:  81.2% | Val Loss: 0.3363 | Val Acc:  86.8% | LR: 0.000250
Epoch 53/60 | Train Loss: 0.4853 | Train Acc:  82.0% | Val Loss: 0.3521 | Val Acc:  84.9% | LR: 0.000250
Epoch 54/60 | Train Loss: 0.5164 | Train Acc:  80.0% | Val Loss: 0.2919 | Val Acc:  88.7% | LR: 0.000250
Epoch 55/60 | Train Loss: 0.4344 | Train Acc:  85.9% | Val Loss: 0.3433 | Val Acc:  86.8% | LR: 0.000250
Epoch 56/60 | Train Loss: 0.4335 | Train Acc:  82.7% | Val Loss: 0.2412 | Val Acc:  92.5% | LR: 0.000250
Epoch 57/60 | Train Loss: 0.3954 | Train Acc:  87.5% | Val Loss: 0.3002 | Val Acc:  88.7% | LR: 0.000250
Epoch 58/60 | Train Loss: 0.3709 | Train Acc:  87.5% | Val Loss: 0.2902 | Val Acc:  92.5% | LR: 0.000250
Epoch 59/60 | Train Loss: 0.3136 | Train Acc:  90.2% | Val Loss: 0.3031 | Val Acc:  88.7% | LR: 0.000250
Epoch 60/60 | Train Loss: 0.5052 | Train Acc:  85.1% | Val Loss: 0.3061 | Val Acc:  84.9% | LR: 0.000250

Loading best checkpoint: outputs\walls_best.pth

=== TEST RESULTS: walls ===
Test Accuracy: 87.7%
Per-class accuracy:
  clean   :  95.0%
  smudged :  77.8%
  cracked :  89.5%
