Device: cuda
Surface: walls | epochs=60 lr=0.001 batch=8 seed=123
Logging to: outputs\walls_seed123_train.log
Dataset sizes -> train: 255  val: 53  test: 57
Train class counts: {'clean': 90, 'smudged': 79, 'cracked': 86}
Class weights:      {'clean': 0.944, 'smudged': 1.614, 'cracked': 0.988}
Input channels: 6
Total trainable parameters: 1,208,323
Epoch 01/60 | Train Loss: 1.0830 | Train Acc:  40.0% | Val Loss: 1.1485 | Val Acc:  39.6% | LR: 0.001000
Epoch 02/60 | Train Loss: 1.0460 | Train Acc:  42.4% | Val Loss: 0.9136 | Val Acc:  52.8% | LR: 0.001000
Epoch 03/60 | Train Loss: 0.9767 | Train Acc:  45.1% | Val Loss: 0.8832 | Val Acc:  58.5% | LR: 0.001000
Epoch 04/60 | Train Loss: 0.9969 | Train Acc:  47.1% | Val Loss: 0.9068 | Val Acc:  62.3% | LR: 0.001000
Epoch 05/60 | Train Loss: 0.9297 | Train Acc:  47.8% | Val Loss: 0.8941 | Val Acc:  54.7% | LR: 0.001000
Epoch 06/60 | Train Loss: 0.9520 | Train Acc:  47.1% | Val Loss: 0.9787 | Val Acc:  54.7% | LR: 0.001000
Epoch 07/60 | Train Loss: 0.9430 | Train Acc:  56.1% | Val Loss: 0.8634 | Val Acc:  67.9% | LR: 0.001000
Epoch 08/60 | Train Loss: 0.8498 | Train Acc:  59.2% | Val Loss: 0.9429 | Val Acc:  58.5% | LR: 0.001000
Epoch 09/60 | Train Loss: 0.9257 | Train Acc:  46.3% | Val Loss: 0.7875 | Val Acc:  71.7% | LR: 0.001000
Epoch 10/60 | Train Loss: 0.8808 | Train Acc:  59.2% | Val Loss: 0.7250 | Val Acc:  73.6% | LR: 0.001000
Epoch 11/60 | Train Loss: 0.8392 | Train Acc:  57.3% | Val Loss: 0.6874 | Val Acc:  67.9% | LR: 0.001000
Epoch 12/60 | Train Loss: 0.9276 | Train Acc:  58.4% | Val Loss: 0.7111 | Val Acc:  75.5% | LR: 0.001000
Epoch 13/60 | Train Loss: 0.7961 | Train Acc:  65.9% | Val Loss: 0.6634 | Val Acc:  73.6% | LR: 0.001000
Epoch 14/60 | Train Loss: 0.9306 | Train Acc:  52.2% | Val Loss: 0.8558 | Val Acc:  54.7% | LR: 0.001000
Epoch 15/60 | Train Loss: 0.8224 | Train Acc:  58.4% | Val Loss: 0.7836 | Val Acc:  69.8% | LR: 0.001000
Epoch 16/60 | Train Loss: 0.8995 | Train Acc:  54.1% | Val Loss: 0.7289 | Val Acc:  67.9% | LR: 0.001000
Epoch 17/60 | Train Loss: 0.7894 | Train Acc:  65.5% | Val Loss: 0.8263 | Val Acc:  64.2% | LR: 0.001000
Epoch 18/60 | Train Loss: 0.8167 | Train Acc:  59.6% | Val Loss: 0.6921 | Val Acc:  75.5% | LR: 0.001000
Epoch 19/60 | Train Loss: 0.8108 | Train Acc:  59.6% | Val Loss: 0.6814 | Val Acc:  69.8% | LR: 0.001000
Epoch 20/60 | Train Loss: 0.8300 | Train Acc:  55.3% | Val Loss: 0.6724 | Val Acc:  71.7% | LR: 0.001000
Epoch 21/60 | Train Loss: 0.7641 | Train Acc:  67.1% | Val Loss: 0.6724 | Val Acc:  71.7% | LR: 0.000500
Epoch 22/60 | Train Loss: 0.7873 | Train Acc:  63.5% | Val Loss: 0.6408 | Val Acc:  73.6% | LR: 0.000500
Epoch 23/60 | Train Loss: 0.7175 | Train Acc:  69.0% | Val Loss: 0.6375 | Val Acc:  77.4% | LR: 0.000500
Epoch 24/60 | Train Loss: 0.7788 | Train Acc:  63.5% | Val Loss: 0.6399 | Val Acc:  69.8% | LR: 0.000500
Epoch 25/60 | Train Loss: 0.7369 | Train Acc:  69.4% | Val Loss: 0.6294 | Val Acc:  64.2% | LR: 0.000500
Epoch 26/60 | Train Loss: 0.6833 | Train Acc:  72.2% | Val Loss: 0.6077 | Val Acc:  73.6% | LR: 0.000500
Epoch 27/60 | Train Loss: 0.6967 | Train Acc:  70.6% | Val Loss: 0.5833 | Val Acc:  71.7% | LR: 0.000500
Epoch 28/60 | Train Loss: 0.7210 | Train Acc:  66.7% | Val Loss: 0.6367 | Val Acc:  73.6% | LR: 0.000500
Epoch 29/60 | Train Loss: 0.7130 | Train Acc:  66.3% | Val Loss: 0.6213 | Val Acc:  71.7% | LR: 0.000500
Epoch 30/60 | Train Loss: 0.7019 | Train Acc:  74.1% | Val Loss: 0.6503 | Val Acc:  66.0% | LR: 0.000500
Epoch 31/60 | Train Loss: 0.6849 | Train Acc:  67.1% | Val Loss: 0.6409 | Val Acc:  69.8% | LR: 0.000500
Epoch 32/60 | Train Loss: 0.6625 | Train Acc:  73.3% | Val Loss: 0.6416 | Val Acc:  77.4% | LR: 0.000500
Epoch 33/60 | Train Loss: 0.5963 | Train Acc:  74.5% | Val Loss: 0.6642 | Val Acc:  73.6% | LR: 0.000500
Epoch 34/60 | Train Loss: 0.6969 | Train Acc:  67.1% | Val Loss: 0.6024 | Val Acc:  73.6% | LR: 0.000500
Epoch 35/60 | Train Loss: 0.6694 | Train Acc:  69.4% | Val Loss: 0.5991 | Val Acc:  71.7% | LR: 0.000250
Epoch 36/60 | Train Loss: 0.5772 | Train Acc:  76.1% | Val Loss: 0.5494 | Val Acc:  71.7% | LR: 0.000250
Epoch 37/60 | Train Loss: 0.6654 | Train Acc:  71.0% | Val Loss: 0.5627 | Val Acc:  75.5% | LR: 0.000250
Epoch 38/60 | Train Loss: 0.6350 | Train Acc:  76.1% | Val Loss: 0.5525 | Val Acc:  75.5% | LR: 0.000250
Epoch 39/60 | Train Loss: 0.6034 | Train Acc:  76.9% | Val Loss: 0.5523 | Val Acc:  73.6% | LR: 0.000250
Epoch 40/60 | Train Loss: 0.6254 | Train Acc:  72.9% | Val Loss: 0.5118 | Val Acc:  83.0% | LR: 0.000250
Epoch 41/60 | Train Loss: 0.6553 | Train Acc:  71.0% | Val Loss: 0.5306 | Val Acc:  83.0% | LR: 0.000250
Epoch 42/60 | Train Loss: 0.5937 | Train Acc:  73.3% | Val Loss: 0.4678 | Val Acc:  81.1% | LR: 0.000250
Epoch 43/60 | Train Loss: 0.6155 | Train Acc:  75.7% | Val Loss: 0.4663 | Val Acc:  86.8% | LR: 0.000250
Epoch 44/60 | Train Loss: 0.5554 | Train Acc:  74.5% | Val Loss: 0.4616 | Val Acc:  81.1% | LR: 0.000250
Epoch 45/60 | Train Loss: 0.5711 | Train Acc:  78.4% | Val Loss: 0.4467 | Val Acc:  81.1% | LR: 0.000250
Epoch 46/60 | Train Loss: 0.5793 | Train Acc:  74.5% | Val Loss: 0.5000 | Val Acc:  81.1% | LR: 0.000250
Epoch 47/60 | Train Loss: 0.6227 | Train Acc:  73.3% | Val Loss: 0.4921 | Val Acc:  79.2% | LR: 0.000250
Epoch 48/60 | Train Loss: 0.5274 | Train Acc:  79.6% | Val Loss: 0.4901 | Val Acc:  77.4% | LR: 0.000250
Epoch 49/60 | Train Loss: 0.5776 | Train Acc:  77.6% | Val Loss: 0.4591 | Val Acc:  81.1% | LR: 0.000250
Epoch 50/60 | Train Loss: 0.5135 | Train Acc:  80.4% | Val Loss: 0.4138 | Val Acc:  83.0% | LR: 0.000250
Epoch 51/60 | Train Loss: 0.5524 | Train Acc:  78.8% | Val Loss: 0.4085 | Val Acc:  86.8% | LR: 0.000250
Epoch 52/60 | Train Loss: 0.5633 | Train Acc:  73.7% | Val Loss: 0.4388 | Val Acc:  83.0% | LR: 0.000250
Epoch 53/60 | Train Loss: 0.4799 | Train Acc:  81.6% | Val Loss: 0.4356 | Val Acc:  79.2% | LR: 0.000250
Epoch 54/60 | Train Loss: 0.4638 | Train Acc:  81.6% | Val Loss: 0.3432 | Val Acc:  90.6% | LR: 0.000250
Epoch 55/60 | Train Loss: 0.5070 | Train Acc:  79.2% | Val Loss: 0.4612 | Val Acc:  81.1% | LR: 0.000250
Epoch 56/60 | Train Loss: 0.4954 | Train Acc:  80.8% | Val Loss: 0.3982 | Val Acc:  86.8% | LR: 0.000250
Epoch 57/60 | Train Loss: 0.4889 | Train Acc:  79.2% | Val Loss: 0.3460 | Val Acc:  90.6% | LR: 0.000250
Epoch 58/60 | Train Loss: 0.5757 | Train Acc:  78.4% | Val Loss: 0.3764 | Val Acc:  84.9% | LR: 0.000250
Epoch 59/60 | Train Loss: 0.4628 | Train Acc:  80.8% | Val Loss: 0.3412 | Val Acc:  88.7% | LR: 0.000250
Epoch 60/60 | Train Loss: 0.4635 | Train Acc:  82.4% | Val Loss: 0.3349 | Val Acc:  86.8% | LR: 0.000250

Loading best checkpoint: outputs\walls_seed123_best.pth

=== TEST RESULTS: walls ===
Test Accuracy: 89.5%
Per-class accuracy:
  clean   :  80.0%
  smudged :  88.9%
  cracked : 100.0%
