Device: cuda
Surface: walls | epochs=60 lr=0.001 batch=8 seed=2024
Logging to: outputs\walls_seed2024_train.log
Dataset sizes -> train: 255  val: 53  test: 57
Train class counts: {'clean': 90, 'smudged': 79, 'cracked': 86}
Class weights:      {'clean': 0.944, 'smudged': 1.614, 'cracked': 0.988}
Input channels: 6
Total trainable parameters: 1,208,323
Epoch 01/60 | Train Loss: 1.0923 | Train Acc:  36.9% | Val Loss: 1.0093 | Val Acc:  43.4% | LR: 0.001000
Epoch 02/60 | Train Loss: 1.0191 | Train Acc:  41.6% | Val Loss: 1.1376 | Val Acc:  41.5% | LR: 0.001000
Epoch 03/60 | Train Loss: 0.9831 | Train Acc:  43.5% | Val Loss: 1.0928 | Val Acc:  37.7% | LR: 0.001000
Epoch 04/60 | Train Loss: 0.9791 | Train Acc:  46.7% | Val Loss: 1.0330 | Val Acc:  43.4% | LR: 0.001000
Epoch 05/60 | Train Loss: 1.0277 | Train Acc:  41.6% | Val Loss: 0.9552 | Val Acc:  43.4% | LR: 0.001000
Epoch 06/60 | Train Loss: 0.9833 | Train Acc:  44.7% | Val Loss: 0.9480 | Val Acc:  50.9% | LR: 0.001000
Epoch 07/60 | Train Loss: 0.9511 | Train Acc:  48.2% | Val Loss: 0.8947 | Val Acc:  58.5% | LR: 0.001000
Epoch 08/60 | Train Loss: 0.9756 | Train Acc:  48.6% | Val Loss: 1.1792 | Val Acc:  26.4% | LR: 0.001000
Epoch 09/60 | Train Loss: 0.9029 | Train Acc:  52.5% | Val Loss: 0.9529 | Val Acc:  62.3% | LR: 0.001000
Epoch 10/60 | Train Loss: 0.9365 | Train Acc:  50.6% | Val Loss: 0.9558 | Val Acc:  41.5% | LR: 0.001000
Epoch 11/60 | Train Loss: 0.8317 | Train Acc:  55.7% | Val Loss: 0.8944 | Val Acc:  49.1% | LR: 0.001000
Epoch 12/60 | Train Loss: 0.8723 | Train Acc:  54.5% | Val Loss: 0.8398 | Val Acc:  58.5% | LR: 0.001000
Epoch 13/60 | Train Loss: 0.8438 | Train Acc:  62.7% | Val Loss: 1.1847 | Val Acc:  49.1% | LR: 0.001000
Epoch 14/60 | Train Loss: 0.8546 | Train Acc:  61.2% | Val Loss: 0.7528 | Val Acc:  66.0% | LR: 0.001000
Epoch 15/60 | Train Loss: 0.8276 | Train Acc:  54.9% | Val Loss: 0.7060 | Val Acc:  66.0% | LR: 0.001000
Epoch 16/60 | Train Loss: 0.8104 | Train Acc:  57.6% | Val Loss: 0.7038 | Val Acc:  66.0% | LR: 0.001000
Epoch 17/60 | Train Loss: 0.7851 | Train Acc:  62.4% | Val Loss: 0.9106 | Val Acc:  64.2% | LR: 0.001000
Epoch 18/60 | Train Loss: 0.8076 | Train Acc:  61.2% | Val Loss: 0.7678 | Val Acc:  71.7% | LR: 0.001000
Epoch 19/60 | Train Loss: 0.7822 | Train Acc:  63.5% | Val Loss: 1.0497 | Val Acc:  64.2% | LR: 0.001000
Epoch 20/60 | Train Loss: 0.7374 | Train Acc:  60.0% | Val Loss: 0.7839 | Val Acc:  67.9% | LR: 0.001000
Epoch 21/60 | Train Loss: 0.7846 | Train Acc:  60.0% | Val Loss: 0.6764 | Val Acc:  71.7% | LR: 0.001000
Epoch 22/60 | Train Loss: 0.7916 | Train Acc:  63.9% | Val Loss: 0.7137 | Val Acc:  66.0% | LR: 0.001000
Epoch 23/60 | Train Loss: 0.7631 | Train Acc:  65.1% | Val Loss: 0.6952 | Val Acc:  67.9% | LR: 0.001000
Epoch 24/60 | Train Loss: 0.7088 | Train Acc:  67.8% | Val Loss: 0.5788 | Val Acc:  81.1% | LR: 0.001000
Epoch 25/60 | Train Loss: 0.7769 | Train Acc:  62.7% | Val Loss: 0.6739 | Val Acc:  79.2% | LR: 0.001000
Epoch 26/60 | Train Loss: 0.7702 | Train Acc:  66.3% | Val Loss: 0.7494 | Val Acc:  69.8% | LR: 0.001000
Epoch 27/60 | Train Loss: 0.7339 | Train Acc:  67.1% | Val Loss: 0.7142 | Val Acc:  71.7% | LR: 0.001000
Epoch 28/60 | Train Loss: 0.6947 | Train Acc:  66.7% | Val Loss: 0.6047 | Val Acc:  79.2% | LR: 0.001000
Epoch 29/60 | Train Loss: 0.7832 | Train Acc:  63.5% | Val Loss: 0.7618 | Val Acc:  73.6% | LR: 0.001000
Epoch 30/60 | Train Loss: 0.7053 | Train Acc:  65.9% | Val Loss: 0.6541 | Val Acc:  69.8% | LR: 0.001000
Epoch 31/60 | Train Loss: 0.7240 | Train Acc:  62.4% | Val Loss: 0.6169 | Val Acc:  73.6% | LR: 0.001000
Epoch 32/60 | Train Loss: 0.6789 | Train Acc:  64.7% | Val Loss: 0.6397 | Val Acc:  67.9% | LR: 0.000500
Epoch 33/60 | Train Loss: 0.6357 | Train Acc:  68.2% | Val Loss: 0.6146 | Val Acc:  77.4% | LR: 0.000500
Epoch 34/60 | Train Loss: 0.6144 | Train Acc:  74.9% | Val Loss: 0.7212 | Val Acc:  73.6% | LR: 0.000500
Epoch 35/60 | Train Loss: 0.6172 | Train Acc:  72.2% | Val Loss: 0.5679 | Val Acc:  77.4% | LR: 0.000500
Epoch 36/60 | Train Loss: 0.6171 | Train Acc:  69.4% | Val Loss: 0.5544 | Val Acc:  77.4% | LR: 0.000500
Epoch 37/60 | Train Loss: 0.6986 | Train Acc:  69.4% | Val Loss: 0.5733 | Val Acc:  75.5% | LR: 0.000500
Epoch 38/60 | Train Loss: 0.6049 | Train Acc:  72.9% | Val Loss: 0.5558 | Val Acc:  79.2% | LR: 0.000500
Epoch 39/60 | Train Loss: 0.5575 | Train Acc:  79.2% | Val Loss: 0.7228 | Val Acc:  83.0% | LR: 0.000500
Epoch 40/60 | Train Loss: 0.6209 | Train Acc:  70.2% | Val Loss: 0.5927 | Val Acc:  81.1% | LR: 0.000500
Epoch 41/60 | Train Loss: 0.6022 | Train Acc:  73.3% | Val Loss: 0.5310 | Val Acc:  79.2% | LR: 0.000500
Epoch 42/60 | Train Loss: 0.6039 | Train Acc:  72.9% | Val Loss: 0.6435 | Val Acc:  79.2% | LR: 0.000500
Epoch 43/60 | Train Loss: 0.6081 | Train Acc:  70.6% | Val Loss: 0.7472 | Val Acc:  75.5% | LR: 0.000500
Epoch 44/60 | Train Loss: 0.6302 | Train Acc:  67.8% | Val Loss: 0.5240 | Val Acc:  77.4% | LR: 0.000500
Epoch 45/60 | Train Loss: 0.5428 | Train Acc:  74.1% | Val Loss: 0.6431 | Val Acc:  73.6% | LR: 0.000500
Epoch 46/60 | Train Loss: 0.5449 | Train Acc:  74.1% | Val Loss: 0.4770 | Val Acc:  83.0% | LR: 0.000500
Epoch 47/60 | Train Loss: 0.5551 | Train Acc:  79.2% | Val Loss: 0.6546 | Val Acc:  77.4% | LR: 0.000500
Epoch 48/60 | Train Loss: 0.5814 | Train Acc:  76.9% | Val Loss: 0.5137 | Val Acc:  84.9% | LR: 0.000500
Epoch 49/60 | Train Loss: 0.5813 | Train Acc:  72.9% | Val Loss: 0.5407 | Val Acc:  79.2% | LR: 0.000500
Epoch 50/60 | Train Loss: 0.5247 | Train Acc:  77.6% | Val Loss: 0.6227 | Val Acc:  79.2% | LR: 0.000500
Epoch 51/60 | Train Loss: 0.6099 | Train Acc:  72.5% | Val Loss: 0.5755 | Val Acc:  81.1% | LR: 0.000500
Epoch 52/60 | Train Loss: 0.4983 | Train Acc:  76.5% | Val Loss: 0.5028 | Val Acc:  81.1% | LR: 0.000500
Epoch 53/60 | Train Loss: 0.5815 | Train Acc:  76.9% | Val Loss: 0.4774 | Val Acc:  81.1% | LR: 0.000500
Epoch 54/60 | Train Loss: 0.4740 | Train Acc:  81.6% | Val Loss: 0.3708 | Val Acc:  84.9% | LR: 0.000500
Epoch 55/60 | Train Loss: 0.6104 | Train Acc:  78.0% | Val Loss: 0.5473 | Val Acc:  83.0% | LR: 0.000500
Epoch 56/60 | Train Loss: 0.5797 | Train Acc:  76.9% | Val Loss: 0.4343 | Val Acc:  84.9% | LR: 0.000500
Epoch 57/60 | Train Loss: 0.4724 | Train Acc:  82.4% | Val Loss: 0.4521 | Val Acc:  83.0% | LR: 0.000500
Epoch 58/60 | Train Loss: 0.4949 | Train Acc:  81.2% | Val Loss: 0.5372 | Val Acc:  83.0% | LR: 0.000500
Epoch 59/60 | Train Loss: 0.5651 | Train Acc:  76.1% | Val Loss: 0.4545 | Val Acc:  83.0% | LR: 0.000500
Epoch 60/60 | Train Loss: 0.4903 | Train Acc:  76.5% | Val Loss: 0.5352 | Val Acc:  79.2% | LR: 0.000500

Loading best checkpoint: outputs\walls_seed2024_best.pth

=== TEST RESULTS: walls ===
Test Accuracy: 78.9%
Per-class accuracy:
  clean   :  60.0%
  smudged :  77.8%
  cracked : 100.0%
