Device: cuda
Surface: tiles | epochs=60 lr=0.001 batch=8 seed=42
Logging to: outputs\tiles_train.log
Dataset sizes -> train: 235  val: 49  test: 52
Train class counts: {'clean': 84, 'smudged': 74, 'cracked': 77}
Class weights:      {'clean': 0.933, 'smudged': 1.059, 'cracked': 1.017}
Input channels: 6
Total trainable parameters: 1,208,323
Epoch 01/60 | Train Loss: 1.0111 | Train Acc:  46.0% | Val Loss: 0.7736 | Val Acc:  69.4% | LR: 0.001000
Epoch 02/60 | Train Loss: 1.0663 | Train Acc:  48.1% | Val Loss: 0.8438 | Val Acc:  61.2% | LR: 0.001000
Epoch 03/60 | Train Loss: 1.0289 | Train Acc:  48.5% | Val Loss: 0.7595 | Val Acc:  67.3% | LR: 0.001000
Epoch 04/60 | Train Loss: 0.9818 | Train Acc:  47.7% | Val Loss: 0.8715 | Val Acc:  59.2% | LR: 0.001000
Epoch 05/60 | Train Loss: 0.9834 | Train Acc:  48.1% | Val Loss: 0.8806 | Val Acc:  55.1% | LR: 0.001000
Epoch 06/60 | Train Loss: 0.9674 | Train Acc:  55.3% | Val Loss: 0.9469 | Val Acc:  55.1% | LR: 0.001000
Epoch 07/60 | Train Loss: 0.9692 | Train Acc:  52.8% | Val Loss: 0.7229 | Val Acc:  71.4% | LR: 0.001000
Epoch 08/60 | Train Loss: 1.0053 | Train Acc:  52.8% | Val Loss: 0.7657 | Val Acc:  73.5% | LR: 0.001000
Epoch 09/60 | Train Loss: 0.9502 | Train Acc:  57.4% | Val Loss: 0.7879 | Val Acc:  69.4% | LR: 0.001000
Epoch 10/60 | Train Loss: 0.9913 | Train Acc:  49.8% | Val Loss: 0.8613 | Val Acc:  63.3% | LR: 0.001000
Epoch 11/60 | Train Loss: 0.9038 | Train Acc:  58.7% | Val Loss: 0.7004 | Val Acc:  69.4% | LR: 0.001000
Epoch 12/60 | Train Loss: 0.9724 | Train Acc:  52.3% | Val Loss: 0.7804 | Val Acc:  69.4% | LR: 0.001000
Epoch 13/60 | Train Loss: 0.9524 | Train Acc:  55.3% | Val Loss: 0.6926 | Val Acc:  77.6% | LR: 0.001000
Epoch 14/60 | Train Loss: 0.9951 | Train Acc:  51.1% | Val Loss: 0.7727 | Val Acc:  63.3% | LR: 0.001000
Epoch 15/60 | Train Loss: 0.9375 | Train Acc:  55.3% | Val Loss: 0.7346 | Val Acc:  71.4% | LR: 0.001000
Epoch 16/60 | Train Loss: 0.9294 | Train Acc:  57.4% | Val Loss: 0.7211 | Val Acc:  71.4% | LR: 0.001000
Epoch 17/60 | Train Loss: 0.8739 | Train Acc:  60.9% | Val Loss: 0.7457 | Val Acc:  63.3% | LR: 0.001000
Epoch 18/60 | Train Loss: 0.9348 | Train Acc:  58.3% | Val Loss: 0.8361 | Val Acc:  65.3% | LR: 0.001000
Epoch 19/60 | Train Loss: 0.9395 | Train Acc:  58.3% | Val Loss: 0.7225 | Val Acc:  69.4% | LR: 0.001000
Epoch 20/60 | Train Loss: 0.9307 | Train Acc:  57.9% | Val Loss: 0.6807 | Val Acc:  71.4% | LR: 0.001000
Epoch 21/60 | Train Loss: 0.8745 | Train Acc:  57.4% | Val Loss: 0.6787 | Val Acc:  67.3% | LR: 0.001000
Epoch 22/60 | Train Loss: 0.9061 | Train Acc:  59.1% | Val Loss: 0.7795 | Val Acc:  63.3% | LR: 0.001000
Epoch 23/60 | Train Loss: 0.8492 | Train Acc:  61.3% | Val Loss: 0.8710 | Val Acc:  67.3% | LR: 0.001000
Epoch 24/60 | Train Loss: 0.8863 | Train Acc:  60.0% | Val Loss: 0.8007 | Val Acc:  59.2% | LR: 0.001000
Epoch 25/60 | Train Loss: 0.8799 | Train Acc:  56.6% | Val Loss: 0.7606 | Val Acc:  65.3% | LR: 0.001000
Epoch 26/60 | Train Loss: 0.8337 | Train Acc:  60.4% | Val Loss: 0.7259 | Val Acc:  73.5% | LR: 0.001000
Epoch 27/60 | Train Loss: 0.9099 | Train Acc:  59.1% | Val Loss: 0.6531 | Val Acc:  77.6% | LR: 0.001000
Epoch 28/60 | Train Loss: 0.8650 | Train Acc:  62.1% | Val Loss: 0.7128 | Val Acc:  69.4% | LR: 0.001000
Epoch 29/60 | Train Loss: 0.9064 | Train Acc:  56.6% | Val Loss: 0.6032 | Val Acc:  73.5% | LR: 0.001000
Epoch 30/60 | Train Loss: 0.8425 | Train Acc:  64.7% | Val Loss: 0.6300 | Val Acc:  71.4% | LR: 0.001000
Epoch 31/60 | Train Loss: 0.8257 | Train Acc:  61.7% | Val Loss: 0.6192 | Val Acc:  69.4% | LR: 0.001000
Epoch 32/60 | Train Loss: 0.8323 | Train Acc:  63.8% | Val Loss: 0.6302 | Val Acc:  75.5% | LR: 0.001000
Epoch 33/60 | Train Loss: 0.8446 | Train Acc:  62.6% | Val Loss: 0.6099 | Val Acc:  77.6% | LR: 0.001000
Epoch 34/60 | Train Loss: 0.8416 | Train Acc:  60.4% | Val Loss: 0.7165 | Val Acc:  61.2% | LR: 0.001000
Epoch 35/60 | Train Loss: 0.8934 | Train Acc:  56.6% | Val Loss: 0.6626 | Val Acc:  73.5% | LR: 0.001000
Epoch 36/60 | Train Loss: 0.8615 | Train Acc:  60.9% | Val Loss: 0.6683 | Val Acc:  77.6% | LR: 0.001000
Epoch 37/60 | Train Loss: 0.8344 | Train Acc:  60.9% | Val Loss: 0.6705 | Val Acc:  75.5% | LR: 0.000500
Epoch 38/60 | Train Loss: 0.8290 | Train Acc:  64.3% | Val Loss: 0.6159 | Val Acc:  79.6% | LR: 0.000500
Epoch 39/60 | Train Loss: 0.7842 | Train Acc:  58.3% | Val Loss: 0.5930 | Val Acc:  75.5% | LR: 0.000500
Epoch 40/60 | Train Loss: 0.8449 | Train Acc:  58.7% | Val Loss: 0.5790 | Val Acc:  77.6% | LR: 0.000500
Epoch 41/60 | Train Loss: 0.8279 | Train Acc:  64.3% | Val Loss: 0.6604 | Val Acc:  79.6% | LR: 0.000500
Epoch 42/60 | Train Loss: 0.8288 | Train Acc:  65.1% | Val Loss: 0.6521 | Val Acc:  77.6% | LR: 0.000500
Epoch 43/60 | Train Loss: 0.7823 | Train Acc:  65.1% | Val Loss: 0.5603 | Val Acc:  73.5% | LR: 0.000500
Epoch 44/60 | Train Loss: 0.8704 | Train Acc:  55.3% | Val Loss: 0.6167 | Val Acc:  83.7% | LR: 0.000500
Epoch 45/60 | Train Loss: 0.8050 | Train Acc:  67.7% | Val Loss: 0.5873 | Val Acc:  75.5% | LR: 0.000500
Epoch 46/60 | Train Loss: 0.7731 | Train Acc:  65.5% | Val Loss: 0.6271 | Val Acc:  69.4% | LR: 0.000500
Epoch 47/60 | Train Loss: 0.8127 | Train Acc:  61.7% | Val Loss: 0.6134 | Val Acc:  73.5% | LR: 0.000500
Epoch 48/60 | Train Loss: 0.7939 | Train Acc:  65.5% | Val Loss: 0.6127 | Val Acc:  79.6% | LR: 0.000500
Epoch 49/60 | Train Loss: 0.8241 | Train Acc:  63.4% | Val Loss: 0.5683 | Val Acc:  75.5% | LR: 0.000500
Epoch 50/60 | Train Loss: 0.8519 | Train Acc:  58.7% | Val Loss: 0.5795 | Val Acc:  83.7% | LR: 0.000500
Epoch 51/60 | Train Loss: 0.8190 | Train Acc:  63.0% | Val Loss: 0.5889 | Val Acc:  77.6% | LR: 0.000250
Epoch 52/60 | Train Loss: 0.7762 | Train Acc:  63.0% | Val Loss: 0.5476 | Val Acc:  81.6% | LR: 0.000250
Epoch 53/60 | Train Loss: 0.7694 | Train Acc:  66.8% | Val Loss: 0.5179 | Val Acc:  81.6% | LR: 0.000250
Epoch 54/60 | Train Loss: 0.7686 | Train Acc:  64.3% | Val Loss: 0.6048 | Val Acc:  79.6% | LR: 0.000250
Epoch 55/60 | Train Loss: 0.7142 | Train Acc:  72.8% | Val Loss: 0.5372 | Val Acc:  79.6% | LR: 0.000250
Epoch 56/60 | Train Loss: 0.6820 | Train Acc:  70.2% | Val Loss: 0.5231 | Val Acc:  75.5% | LR: 0.000250
Epoch 57/60 | Train Loss: 0.7727 | Train Acc:  67.7% | Val Loss: 0.5234 | Val Acc:  79.6% | LR: 0.000250
Epoch 58/60 | Train Loss: 0.7384 | Train Acc:  67.7% | Val Loss: 0.4873 | Val Acc:  77.6% | LR: 0.000250
Epoch 59/60 | Train Loss: 0.7668 | Train Acc:  66.8% | Val Loss: 0.4929 | Val Acc:  81.6% | LR: 0.000250
Epoch 60/60 | Train Loss: 0.7761 | Train Acc:  64.7% | Val Loss: 0.5371 | Val Acc:  81.6% | LR: 0.000250

Loading best checkpoint: outputs\tiles_best.pth

=== TEST RESULTS: tiles ===
Test Accuracy: 73.1%
Per-class accuracy:
  clean   :  77.8%
  smudged :  76.5%
  cracked :  64.7%
