Device: cuda
Surface: walls | epochs=60 lr=0.001 batch=8
Dataset sizes -> train: 255  val: 53  test: 57
Train class counts: {'clean': 90, 'smudged': 79, 'cracked': 86}
Class weights:      {'clean': 0.944, 'smudged': 1.076, 'cracked': 0.988}
Total trainable parameters: 1,207,459
Epoch 01/60 | Train Loss: 1.0657 | Train Acc:  54.9% | Val Loss: 1.0308 | Val Acc:  39.6% | LR: 0.001000
Epoch 02/60 | Train Loss: 1.0393 | Train Acc:  49.4% | Val Loss: 0.9654 | Val Acc:  43.4% | LR: 0.001000
Epoch 03/60 | Train Loss: 1.0059 | Train Acc:  54.1% | Val Loss: 0.8982 | Val Acc:  62.3% | LR: 0.001000
Epoch 04/60 | Train Loss: 0.9933 | Train Acc:  50.2% | Val Loss: 0.8633 | Val Acc:  58.5% | LR: 0.001000
Epoch 05/60 | Train Loss: 0.9554 | Train Acc:  55.3% | Val Loss: 1.0619 | Val Acc:  58.5% | LR: 0.001000
Epoch 06/60 | Train Loss: 0.9460 | Train Acc:  57.3% | Val Loss: 0.8719 | Val Acc:  52.8% | LR: 0.001000
Epoch 07/60 | Train Loss: 0.9174 | Train Acc:  58.0% | Val Loss: 0.8175 | Val Acc:  58.5% | LR: 0.001000
Epoch 08/60 | Train Loss: 0.8757 | Train Acc:  58.8% | Val Loss: 0.8576 | Val Acc:  52.8% | LR: 0.001000
Epoch 09/60 | Train Loss: 0.8837 | Train Acc:  58.4% | Val Loss: 0.7379 | Val Acc:  71.7% | LR: 0.001000
Epoch 10/60 | Train Loss: 0.8546 | Train Acc:  57.3% | Val Loss: 0.8355 | Val Acc:  64.2% | LR: 0.001000
Epoch 11/60 | Train Loss: 0.8409 | Train Acc:  60.4% | Val Loss: 0.8623 | Val Acc:  67.9% | LR: 0.001000
Epoch 12/60 | Train Loss: 0.9149 | Train Acc:  56.9% | Val Loss: 0.8048 | Val Acc:  67.9% | LR: 0.001000
Epoch 13/60 | Train Loss: 0.7943 | Train Acc:  64.7% | Val Loss: 0.7422 | Val Acc:  67.9% | LR: 0.001000
Epoch 14/60 | Train Loss: 0.8467 | Train Acc:  59.6% | Val Loss: 0.7525 | Val Acc:  56.6% | LR: 0.001000
Epoch 15/60 | Train Loss: 0.8564 | Train Acc:  60.8% | Val Loss: 0.8075 | Val Acc:  58.5% | LR: 0.001000
Epoch 16/60 | Train Loss: 0.8194 | Train Acc:  60.0% | Val Loss: 0.7135 | Val Acc:  62.3% | LR: 0.001000
Epoch 17/60 | Train Loss: 0.8216 | Train Acc:  60.8% | Val Loss: 0.7397 | Val Acc:  60.4% | LR: 0.001000
Epoch 18/60 | Train Loss: 0.8195 | Train Acc:  61.2% | Val Loss: 1.0685 | Val Acc:  60.4% | LR: 0.001000
Epoch 19/60 | Train Loss: 0.9072 | Train Acc:  57.6% | Val Loss: 0.7143 | Val Acc:  66.0% | LR: 0.001000
Epoch 20/60 | Train Loss: 0.8314 | Train Acc:  65.9% | Val Loss: 0.7156 | Val Acc:  64.2% | LR: 0.001000
Epoch 21/60 | Train Loss: 0.7561 | Train Acc:  62.7% | Val Loss: 0.7268 | Val Acc:  66.0% | LR: 0.001000
Epoch 22/60 | Train Loss: 0.7349 | Train Acc:  69.0% | Val Loss: 0.7309 | Val Acc:  67.9% | LR: 0.001000
Epoch 23/60 | Train Loss: 0.7892 | Train Acc:  65.5% | Val Loss: 0.6395 | Val Acc:  64.2% | LR: 0.001000
Epoch 24/60 | Train Loss: 0.7649 | Train Acc:  64.7% | Val Loss: 0.6141 | Val Acc:  81.1% | LR: 0.001000
Epoch 25/60 | Train Loss: 0.7466 | Train Acc:  68.6% | Val Loss: 0.6911 | Val Acc:  64.2% | LR: 0.001000
Epoch 26/60 | Train Loss: 0.7512 | Train Acc:  64.3% | Val Loss: 0.6265 | Val Acc:  67.9% | LR: 0.001000
Epoch 27/60 | Train Loss: 0.7397 | Train Acc:  71.0% | Val Loss: 0.5960 | Val Acc:  79.2% | LR: 0.001000
Epoch 28/60 | Train Loss: 0.7101 | Train Acc:  66.3% | Val Loss: 0.6566 | Val Acc:  69.8% | LR: 0.001000
Epoch 29/60 | Train Loss: 0.7810 | Train Acc:  63.9% | Val Loss: 0.6648 | Val Acc:  66.0% | LR: 0.001000
Epoch 30/60 | Train Loss: 0.8062 | Train Acc:  63.1% | Val Loss: 0.5988 | Val Acc:  79.2% | LR: 0.001000
Epoch 31/60 | Train Loss: 0.7088 | Train Acc:  68.6% | Val Loss: 0.6492 | Val Acc:  66.0% | LR: 0.001000
Epoch 32/60 | Train Loss: 0.7161 | Train Acc:  68.6% | Val Loss: 0.5688 | Val Acc:  79.2% | LR: 0.001000
Epoch 33/60 | Train Loss: 0.6641 | Train Acc:  71.0% | Val Loss: 0.6139 | Val Acc:  73.6% | LR: 0.001000
Epoch 34/60 | Train Loss: 0.7003 | Train Acc:  69.4% | Val Loss: 0.6188 | Val Acc:  73.6% | LR: 0.001000
Epoch 35/60 | Train Loss: 0.6493 | Train Acc:  72.2% | Val Loss: 0.5326 | Val Acc:  81.1% | LR: 0.001000
Epoch 36/60 | Train Loss: 0.7033 | Train Acc:  68.2% | Val Loss: 0.5635 | Val Acc:  81.1% | LR: 0.001000
Epoch 37/60 | Train Loss: 0.6427 | Train Acc:  72.9% | Val Loss: 0.4942 | Val Acc:  84.9% | LR: 0.001000
Epoch 38/60 | Train Loss: 0.6865 | Train Acc:  70.2% | Val Loss: 0.6188 | Val Acc:  69.8% | LR: 0.001000
Epoch 39/60 | Train Loss: 0.6631 | Train Acc:  70.6% | Val Loss: 0.5178 | Val Acc:  79.2% | LR: 0.001000
Epoch 40/60 | Train Loss: 0.6061 | Train Acc:  70.6% | Val Loss: 0.5994 | Val Acc:  75.5% | LR: 0.001000
Epoch 41/60 | Train Loss: 0.6044 | Train Acc:  76.5% | Val Loss: 0.4781 | Val Acc:  79.2% | LR: 0.001000
Epoch 42/60 | Train Loss: 0.7092 | Train Acc:  70.6% | Val Loss: 0.6139 | Val Acc:  71.7% | LR: 0.001000
Epoch 43/60 | Train Loss: 0.7070 | Train Acc:  72.2% | Val Loss: 0.5350 | Val Acc:  79.2% | LR: 0.001000
Epoch 44/60 | Train Loss: 0.6447 | Train Acc:  73.7% | Val Loss: 0.5854 | Val Acc:  75.5% | LR: 0.001000
Epoch 45/60 | Train Loss: 0.5669 | Train Acc:  74.9% | Val Loss: 0.7421 | Val Acc:  69.8% | LR: 0.001000
Epoch 46/60 | Train Loss: 0.5575 | Train Acc:  76.5% | Val Loss: 0.5269 | Val Acc:  77.4% | LR: 0.001000
Epoch 47/60 | Train Loss: 0.5986 | Train Acc:  73.7% | Val Loss: 0.5419 | Val Acc:  77.4% | LR: 0.001000
Epoch 48/60 | Train Loss: 0.5494 | Train Acc:  79.6% | Val Loss: 0.5786 | Val Acc:  77.4% | LR: 0.001000
Epoch 49/60 | Train Loss: 0.4935 | Train Acc:  80.0% | Val Loss: 0.5530 | Val Acc:  75.5% | LR: 0.000500
Epoch 50/60 | Train Loss: 0.5863 | Train Acc:  73.7% | Val Loss: 0.4496 | Val Acc:  81.1% | LR: 0.000500
Epoch 51/60 | Train Loss: 0.5873 | Train Acc:  76.5% | Val Loss: 0.4333 | Val Acc:  81.1% | LR: 0.000500
Epoch 52/60 | Train Loss: 0.5316 | Train Acc:  80.4% | Val Loss: 0.3510 | Val Acc:  88.7% | LR: 0.000500
Epoch 53/60 | Train Loss: 0.4166 | Train Acc:  86.3% | Val Loss: 0.3559 | Val Acc:  84.9% | LR: 0.000500
Epoch 54/60 | Train Loss: 0.4226 | Train Acc:  83.1% | Val Loss: 0.3681 | Val Acc:  84.9% | LR: 0.000500
Epoch 55/60 | Train Loss: 0.5532 | Train Acc:  80.0% | Val Loss: 0.3816 | Val Acc:  81.1% | LR: 0.000500
Epoch 56/60 | Train Loss: 0.4852 | Train Acc:  83.9% | Val Loss: 0.3473 | Val Acc:  84.9% | LR: 0.000500
Epoch 57/60 | Train Loss: 0.4677 | Train Acc:  81.2% | Val Loss: 0.3735 | Val Acc:  84.9% | LR: 0.000500
Epoch 58/60 | Train Loss: 0.4615 | Train Acc:  80.4% | Val Loss: 0.2490 | Val Acc:  92.5% | LR: 0.000500
Epoch 59/60 | Train Loss: 0.4483 | Train Acc:  82.7% | Val Loss: 0.3390 | Val Acc:  88.7% | LR: 0.000500
Epoch 60/60 | Train Loss: 0.3844 | Train Acc:  85.1% | Val Loss: 0.2660 | Val Acc:  84.9% | LR: 0.000500

Loading best checkpoint: outputs\walls_best.pth

=== TEST RESULTS: walls ===
Test Accuracy: 84.2%
Per-class accuracy:
  clean   :  95.0%
  smudged :  61.1%
  cracked :  94.7%
